<?xml version="1.0" encoding="UTF-8" ?>
<testsuite tests="17" failures="0" name="com.lottoland.game.bsl.test.TestGame" time="0.005" errors="0" skipped="0">
  <properties>
[...]
</properties>
  <testcase classname="com.lottoland.game.bsl.test.TestGame" name="ResetGameResults_aWins" time="0.003"/>
  <testcase classname="com.lottoland.game.bsl.test.TestGame" name="ResetGameResults_bWins" time="0"/>
  <testcase classname="com.lottoland.game.bsl.test.TestGame" name="ResetGameResults_draws" time="0"/>
  <testcase classname="com.lottoland.game.bsl.test.TestGame" name="GameConfigs" time="0"/>
  <testcase classname="com.lottoland.game.bsl.test.TestGame" name="GameConfigPlayerBBadConfiguration" time="0"/>
  <testcase classname="com.lottoland.game.bsl.test.TestGame" name="StartRoundRockWins" time="0"/>
  <testcase classname="com.lottoland.game.bsl.test.TestGame" name="StartRoundDraw" time="0"/>
  <testcase classname="com.lottoland.game.bsl.test.TestGame" name="StartRoundPaperWins" time="0"/>
  <testcase classname="com.lottoland.game.bsl.test.TestGame" name="StartRoundScissorsWins" time="0"/>
  <testcase classname="com.lottoland.game.bsl.test.TestGame" name="GameConfigZeroRounds" time="0"/>
  <testcase classname="com.lottoland.game.bsl.test.TestGame" name="GameConfigPlayerABadConfiguration" time="0"/>
  <testcase classname="com.lottoland.game.bsl.test.TestGame" name="GameConfigPlayerBRandomOption" time="0"/>
  <testcase classname="com.lottoland.game.bsl.test.TestGame" name="ResetGameConfigs" time="0"/>
  <testcase classname="com.lottoland.game.bsl.test.TestGame" name="GameConfigPlayerARandomOption" time="0"/>
  <testcase classname="com.lottoland.game.bsl.test.TestGame" name="StartRoundBadConfiguration" time="0.001"/>
  <testcase classname="com.lottoland.game.bsl.test.TestGame" name="GameConfigNullPlayerA" time="0"/>
  <testcase classname="com.lottoland.game.bsl.test.TestGame" name="GameConfigNullPlayerB" time="0.001"/>
</testsuite>